# OBP-Trading AI Development Log

## Project Overview
Building a Rust-based trading engine focusing on buy/sell offers, integrated with:
- OBP-API-II (gateway with OBP commons)
- OBP-OIDC (authentication provider)
- Redis (hot data storage for offers/order book)
- PostgreSQL (persistent data storage)
- Actual trades executed via OBP-API and stored on blockchain

## Development Session 1 - 2024-12-19

### Initial Setup
- Found existing OBP-Trading repository (currently empty except for LICENSE and README)
- Planning Rust-based architecture focusing on offer management rather than actual trade execution
- Architecture: Rust Engine -> Redis (offers) -> PostgreSQL (persistence) -> OBP-API-II (gateway) -> OBP-OIDC (auth)

### Next Steps
1. Initialize Rust project structure with Cargo.toml
2. Set up core dependencies (tokio, serde, redis, sqlx, axum)
3. Design offer/order book data structures
4. Implement Redis integration for hot offer storage
5. Set up PostgreSQL schemas for persistent data
6. Create REST API endpoints for offer management
7. Integrate with OBP-API-II for authentication and trade execution
8. Add WebSocket support for real-time offer updates

### Architecture Decisions
- Focus on offer management (buy/sell offers) rather than trade execution
- Use Redis for real-time offer book and active offers
- PostgreSQL for user data, offer history, and audit logs
- Rust for performance and safety in high-concurrency scenarios
- Integration with existing OBP ecosystem via OBP-API-II

### Progress Update
✅ **Completed**:
1. Initialized Rust project with Cargo.toml
   - Set up workspace structure with core crates (core, api, storage, integrations)
   - Added all necessary dependencies: tokio, axum, sqlx, redis, serde, etc.
   - Configured for financial calculations with rust_decimal
   - Added WebSocket support for real-time updates

2. Created main.rs server entry point
   - HTTP server with health checks
   - API v1 routing structure
   - WebSocket endpoint for real-time updates
   - Middleware for CORS and tracing
   - Application state management

3. Comprehensive configuration system (config.rs)
   - Environment-based configuration loading
   - OBP-API-II integration settings
   - OBP-OIDC authentication configuration
   - Trading engine parameters (limits, rates, pairs)
   - Support for multiple environments (dev/prod)

4. Core data models (models.rs)
   - Offer struct with validation
   - Order book and market data structures
   - Trading statistics and user data
   - WebSocket message types
   - API response wrappers

5. PostgreSQL database layer (database.rs)
   - Connection pooling and health checks
   - Database migrations with custom types
   - Full CRUD operations for offers
   - User statistics tracking
   - Audit logging system
   - Performance optimized with proper indexing

### Next Steps
1. Create Redis client module for hot data storage
2. Implement API handlers for offer management
3. Add authentication middleware with OBP-OIDC integration
4. Create WebSocket handler for real-time updates
5. Add services layer for business logic
6. Integration with OBP-API-II for trade execution
7. Docker configuration and deployment setup

### Progress Update 2
✅ **Additional Completed**:
6. Redis client module (redis_client.rs)
   - Connection management and health checks
   - Hot data caching for offers and order books
   - Real-time order book building from cached offers
   - Market ticker and price history storage
   - Rate limiting and user session management
   - Pub/sub for real-time updates
   - Automatic cleanup of expired data

7. Comprehensive error handling (error.rs)
   - Custom error types for API, trading, and auth errors
   - HTTP status code mapping
   - User-friendly error messages
   - Integration with Axum for response handling
   - Validation error support

8. Offers API handlers (handlers/offers.rs)
   - Complete CRUD operations for offers
   - Rate limiting and validation
   - User authentication integration
   - Redis caching integration
   - Proper error handling and logging

9. Authentication service (services/auth.rs)
   - JWT token validation with OBP-OIDC
   - JWKS caching and automatic refresh
   - Role-based access control
   - Axum extractors for authenticated users
   - Support for admin and trader roles

### Progress Update 3 - Architecture Pivot
✅ **Final Components Completed (Rust)**:
10. Complete API handler suite
    - Order book handlers (orderbook.rs) - real-time market depth, ticker data
    - Market data handlers (markets.rs) - trading pairs, price history, market stats
    - User management handlers (users.rs) - profiles, preferences, activity tracking
    - System administration handlers (system.rs) - health checks, metrics, maintenance
    - Authentication handlers (auth.rs) - OIDC login, logout, token validation
    - WebSocket handlers (websocket.rs) - real-time data streaming, subscriptions

11. Environment configuration (.env.example)
    - Complete configuration template
    - Development and production settings
    - OBP-API-II and OBP-OIDC integration configs
    - Trading engine parameters
    - Docker and container configurations

12. Services architecture
    - Modular service structure
    - Business logic separation
    - Integration points defined

### Progress Update 4 - ARCHITECTURE CHANGE
🔄 **Converting to Scala 2.13.15**:
- Better integration with OBP ecosystem
- Import obp-commons for shared data structures
- Match OBP-OIDC architecture and patterns
- Leverage existing OBP libraries and utilities

### Progress Update 5 - CONNECTOR LAYER IMPLEMENTATION
✅ **Connector Architecture Complete**:
1. Created flexible connector layer similar to OBP-API
   - OfferConnector trait for offer storage (Redis, RabbitMQ, Kafka, PostgreSQL)
   - TradeConnector trait for trade persistence (PostgreSQL, Kafka, RabbitMQ)
   - UserConnector trait for user/account management (PostgreSQL, OBP-API)
   - Pluggable backends with configuration switching

2. Redis Offer Connector Implementation
   - Fast in-memory storage for active offers
   - Real-time order book building from cached offers
   - Price-sorted indexes for efficient market data
   - Automatic expiration and cleanup

3. Connector Factory Pattern
   - Dynamic connector instantiation from configuration
   - Support for multiple storage backends
   - Health checks and error handling
   - Default configurations for common setups

4. Updated build.sbt with required dependencies
   - http4s-ember-server (no Akka needed)
   - obp-commons integration
   - cats-effect functional programming
   - redis4cats for Redis connectivity
   - zio-kafka and fs2-rabbit for messaging

### Previous Rust Architecture (Reference)
✅ **Complete OBP-Trading Engine had**:
- Rust-based high-performance core
- PostgreSQL for persistent storage with optimized schema
- Redis for hot data and real-time caching
- JWT-based authentication via OBP-OIDC integration
- RESTful API with complete CRUD operations
- WebSocket support for real-time market data
- Comprehensive error handling and logging
- Rate limiting and security controls
- Role-based access control (admin/trader/user)
- Market data aggregation and order book management
- Integration ready for OBP-API-II trade execution

### Scala Conversion Plan
1. ✅ Convert project structure to sbt/Scala
2. 🚧 Import obp-commons dependency  
3. 🚧 Convert data models to use OBP common structures
4. 🚧 Convert API handlers to Akka HTTP / Play Framework
5. 🚧 Convert authentication to use OBP patterns
6. 🚧 Convert database layer to use OBP connector patterns
7. 🚧 Integration with OBP-API-II for accounts and trades
8. 🚧 Testing and deployment

### Benefits of Scala Conversion
- Native integration with OBP ecosystem
- Reuse OBP-Commons models (User, Bank, Account, etc.)
- Consistent architecture with other OBP services
- Better long-term maintainability
- Direct use of OBP authentication patterns

### Connector Layer Benefits
- **Flexible Storage**: Switch between Redis, PostgreSQL, message queues
- **Development Speed**: Use Redis for fast local development
- **Production Ready**: PostgreSQL for persistence, Kafka for streaming
- **Event-Driven**: RabbitMQ/Kafka for async processing
- **OBP Integration**: Direct connector to OBP-API for user/account data

### Configuration Example
```hocon
connector {
  offers = "redis"        # Fast storage for active offers
  trades = "postgres"     # Persistent storage for executed trades
  users = "obp-api"      # Direct integration with OBP user system
}
```

### OBP-API Integration Requirements for Trading System

#### Required OBP-API Endpoints for Account Holds
The trading system needs the following OBP-API endpoints to manage account holds for offer creation:

**Create Account Hold:**
```
POST /obp/v5.1.0/banks/{bank-id}/accounts/{account-id}/account-holds
Content-Type: application/json

{
  "amount": "1000.00",
  "currency": "EUR", 
  "reason": "Trading offer reservation",
  "expires_at": "2025-01-10T15:00:00Z"
}

Response:
{
  "account_hold_id": "hold-abc-123",
  "account_id": "trading-account-456",
  "amount": "1000.00",
  "currency": "EUR",
  "reason": "Trading offer reservation", 
  "status": "active",
  "created_at": "2025-01-09T10:00:00Z",
  "expires_at": "2025-01-10T15:00:00Z"
}
```

**Get Account Balance (including holds):**
```
GET /obp/v5.1.0/banks/{bank-id}/accounts/{account-id}/balances

Response:
{
  "account_id": "trading-account-456",
  "balance": "10000.00",
  "available_balance": "9000.00",  // balance - active holds
  "currency": "EUR"
}
```

**Release Account Hold:**
```
DELETE /obp/v5.1.0/banks/{bank-id}/account-holds/{hold-id}

Response: 200 OK
```

**List Account Holds:**
```
GET /obp/v5.1.0/banks/{bank-id}/accounts/{account-id}/account-holds

Response:
{
  "holds": [
    {
      "account_hold_id": "hold-abc-123",
      "amount": "1000.00",
      "reason": "Trading offer reservation",
      "status": "active",
      "created_at": "2025-01-09T10:00:00Z",
      "expires_at": "2025-01-10T15:00:00Z"
    }
  ]
}
```

#### Important Note: Transaction Request Flow (Not Direct Transactions)
**CRITICAL**: OBP-API generally does NOT create Transactions directly. The proper flow is:

1. **Create Transaction Request** (intent to transfer money)
2. **Strong Customer Authentication (SCA)** - user authorization
3. **Transaction Request becomes Transaction** (actual money movement)

**Transaction Request Creation:**
```
POST /obp/v5.1.0/banks/{bank-id}/accounts/{account-id}/transaction-requests/{transaction-request-type}

{
  "to": {
    "account_id": "seller-account-789",
    "bank_id": "bank-xyz"
  },
  "value": {
    "amount": "1000.00",
    "currency": "EUR"
  },
  "description": "Trading settlement for trade-abc-123"
}
```

**Transaction Request Status Check:**
```
GET /obp/v5.1.0/banks/{bank-id}/accounts/{account-id}/transaction-requests/{transaction-request-id}

Response shows status: "INITIATED", "COMPLETED", "FAILED"
```

#### Trading System Integration Flow
1. **Offer Creation**: Create account hold via OBP-API
2. **Trade Matching**: Release hold, create transaction request
3. **Settlement**: Monitor transaction request -> transaction completion
4. **Cleanup**: Release any remaining holds

This ensures compliance with banking regulations requiring SCA for money movement while allowing fast trading operations through account holds.

### Status: CONNECTOR ARCHITECTURE COMPLETE (75%)
✅ Scala project structure with http4s and obp-commons integration
✅ Flexible connector layer for pluggable storage backends
✅ Redis implementation for high-performance offer management
✅ OBP-API integration requirements documented (account holds + transaction requests)
🚧 Next: Complete remaining connector implementations and HTTP API layer

### Progress Update 6 - Model Design and Account Integration (2025-01-09)

#### Model Architecture with Account-Linked Trading
✅ **Comprehensive Trading Model Created**:
1. **Fully Qualified IDs**: All models use specific ID types (offerId, tradeId, accountId) instead of generic "id"
2. **Account Integration**: Every offer and trade is linked to specific OBP bank accounts
3. **Audit Trail**: Added user_id and consent_id for authority tracking and compliance
4. **Account Reservations**: System for managing account holds during trading

**Core Models Implemented:**
```scala
case class Offer(
  offerId: OfferId,           // Fully qualified primary key
  userId: UserId,             // Account owner
  user_id: UserId,            // User who created offer (audit trail)
  consent_id: ConsentId,      // Authorization consent
  accountId: AccountId,       // Linked bank account
  bankId: BankId,             // Bank that owns account
  // ... trading fields
)

case class Trade(
  tradeId: TradeId,           // Fully qualified primary key
  user_id: UserId,            // User who initiated trade (audit trail)
  consent_id: ConsentId,      // Authorization consent
  buyerAccountId: AccountId,  // Buyer's bank account
  sellerAccountId: AccountId, // Seller's bank account
  // ... settlement fields
)

case class AccountReservation(
  reservationId: ReservationId,
  accountId: AccountId,       // OBP Account being held
  amount: Amount,
  holdId: Option[String],     // OBP Account Hold ID
  // ... reservation management
)
```

#### Architecture Decision: OBP Account Holds Integration
✅ **Chosen Approach**: Use OBP-API account holds directly (not separate account objects)
- Trading system creates holds via OBP-API for offer creation
- OBP automatically enforces holds and reduces available_balance
- Money movement handled through OBP Transaction Requests → SCA → Transactions
- Clean separation: OBP handles real money, trading system handles matching logic

**Benefits:**
- ✅ No duplicate account management
- ✅ Leverage existing OBP compliance and audit infrastructure
- ✅ Single source of truth for account balances
- ✅ Automatic hold enforcement by OBP
- ✅ Integration with existing banking workflows

#### Validation Framework
✅ **Comprehensive Validation System**:
- Account validation (ownership, balance, currency matching)
- Offer validation (price ranges, quantity limits, expiry times)
- Permission validation (trading rights, amount limits, daily volumes)
- Business rule validation (rate limiting, market hours, user limits)
- Trade validation (account compatibility, offer matching)

#### Account Reservation Workflow
**Two-Layer Money System:**
1. **FIAT Money** (OBP Transactions): Real bank account movements
2. **Trading Operations** (OBP Account Holds): Fast reservation and release

**Example Flow:**
1. User deposits €10,000 → Real OBP Transaction
2. User creates €1,000 buy offer → OBP Account Hold created
3. Available balance: €9,000 (€10,000 - €1,000 held)
4. Trade executes → Release hold + Create Transaction Request
5. SCA completion → Real money moves between accounts

#### Integration Architecture
✅ **Clean OBP Integration**:
- Use existing OBP Transaction Requests (not direct transactions)
- Leverage OBP account holds for fund reservation
- Trading system focuses on matching and market data
- OBP handles all compliance, SCA, and real money movement

This provides the foundation for a compliant, high-performance trading system fully integrated with the OBP banking ecosystem while maintaining clean separation of concerns.

### Status: MODEL ARCHITECTURE AND OBP INTEGRATION DESIGN COMPLETE (85%)
✅ Comprehensive model design with account integration
✅ Validation framework for trading operations  
✅ OBP Account Holds integration strategy
✅ Two-layer money system architecture
✅ Audit trail and compliance features
🚧 Next: Implement HTTP API layer and complete connector integrations